[2024-11-20T21:29:08.254+0000] {local_task_job_runner.py:123} INFO - ::group::Pre task execution logs
[2024-11-20T21:29:08.265+0000] {taskinstance.py:2613} INFO - Dependencies all met for dep_context=non-requeueable deps ti=<TaskInstance: example_dag.print_hello manual__2024-11-20T21:28:13.054557+00:00 [queued]>
[2024-11-20T21:29:08.271+0000] {taskinstance.py:2613} INFO - Dependencies all met for dep_context=requeueable deps ti=<TaskInstance: example_dag.print_hello manual__2024-11-20T21:28:13.054557+00:00 [queued]>
[2024-11-20T21:29:08.272+0000] {taskinstance.py:2866} INFO - Starting attempt 1 of 2
[2024-11-20T21:29:08.281+0000] {taskinstance.py:2889} INFO - Executing <Task(BashOperator): print_hello> on 2024-11-20 21:28:13.054557+00:00
[2024-11-20T21:29:08.287+0000] {logging_mixin.py:190} WARNING - /home/***/.local/lib/python3.12/site-packages/***/task/task_runner/standard_task_runner.py:70 DeprecationWarning: This process (pid=221) is multi-threaded, use of fork() may lead to deadlocks in the child.
[2024-11-20T21:29:08.287+0000] {standard_task_runner.py:104} INFO - Running: ['***', 'tasks', 'run', 'example_dag', 'print_hello', 'manual__2024-11-20T21:28:13.054557+00:00', '--job-id', '3', '--raw', '--subdir', 'DAGS_FOLDER/dag1.py', '--cfg-path', '/tmp/tmp47v977e2']
[2024-11-20T21:29:08.288+0000] {standard_task_runner.py:72} INFO - Started process 226 to run task
[2024-11-20T21:29:08.289+0000] {standard_task_runner.py:105} INFO - Job 3: Subtask print_hello
[2024-11-20T21:29:08.328+0000] {task_command.py:467} INFO - Running <TaskInstance: example_dag.print_hello manual__2024-11-20T21:28:13.054557+00:00 [running]> on host 4d4a9f2484ac
[2024-11-20T21:29:08.405+0000] {taskinstance.py:3132} INFO - Exporting env vars: AIRFLOW_CTX_DAG_OWNER='***' AIRFLOW_CTX_DAG_ID='example_dag' AIRFLOW_CTX_TASK_ID='print_hello' AIRFLOW_CTX_EXECUTION_DATE='2024-11-20T21:28:13.054557+00:00' AIRFLOW_CTX_TRY_NUMBER='1' AIRFLOW_CTX_DAG_RUN_ID='manual__2024-11-20T21:28:13.054557+00:00'
[2024-11-20T21:29:08.406+0000] {taskinstance.py:731} INFO - ::endgroup::
[2024-11-20T21:29:08.444+0000] {subprocess.py:78} INFO - Tmp dir root location: /tmp
[2024-11-20T21:29:08.445+0000] {subprocess.py:88} INFO - Running command: ['/usr/bin/bash', '-c', 'echo "Hello, World!"']
[2024-11-20T21:29:08.451+0000] {subprocess.py:99} INFO - Output:
[2024-11-20T21:29:08.452+0000] {subprocess.py:106} INFO - Hello, World!
[2024-11-20T21:29:08.452+0000] {subprocess.py:110} INFO - Command exited with return code 0
[2024-11-20T21:29:08.475+0000] {taskinstance.py:340} INFO - ::group::Post task execution logs
[2024-11-20T21:29:08.475+0000] {taskinstance.py:352} INFO - Marking task as SUCCESS. dag_id=example_dag, task_id=print_hello, run_id=manual__2024-11-20T21:28:13.054557+00:00, execution_date=20241120T212813, start_date=20241120T212908, end_date=20241120T212908
[2024-11-20T21:29:08.503+0000] {local_task_job_runner.py:266} INFO - Task exited with return code 0
[2024-11-20T21:29:08.517+0000] {taskinstance.py:3895} INFO - 0 downstream tasks scheduled from follow-on schedule check
[2024-11-20T21:29:08.518+0000] {local_task_job_runner.py:245} INFO - ::endgroup::
